UUUUUUUUUU YES
UUUUUUUUUU YES
UUUUUUUVUU NO
UUUUUUUUUU YES
UUUUUUUUUQ NO
UUUUUUUUUU YES
UUUUUUUUUU YES
UUUUUUUUUU YES
USUUUUUUUU NO
UUUUUUUUUU YES
AAAANNANAA YES
ANAANNNNNS NO
NAAAANANAA YES
NNNANNNAAN YES
AAANNNNANN YES
ENNANAANAA NO
AANAANANNN YES
ANANANNNAO NO
NNNAAANNAA YES
ANAAANANAN YES
UPURRURPRP YES
UPUPUPUUUA YES
AURUPPCPPP NO
PUPUAPRPPP YES
APPPPPUUPY NO
UPUUPPPPUP YES
APPPPRAPAA YES
PPPPUPPPPP YES
UPPNPPPPPP NO
PPPPPPPAPP YES
KHMNNMJHMM YES
HHMJHJJMJK YES
JJMGGJGMJH YES
NNKGJUJUKP YES
GJGKHKGJHN YES
JMHJJLJGMH NO
MMJMUHHKUH YES
HNHNHJHUNG NO
JGJHMJUGMJ NO
MHPPMUMHHH YES
LTHLTJKNDI YES
KZPMXMMZXP NO
NJTJTHTJTC YES
CKZXZKKJCJ YES
TPMBDKKSBU NO
MHXHHZPMPS NO
MXFJTCLTJT YES
LHCTHMZXZL NO
MHXFXMZMGX NO
KFXFTCJKFT YES
XXXXXXXXXX YES
XXXXXXXXXU NO
XXXXXXXXXX YES
XXXXXXXXXX YES
XXXXXXXXXX YES
XXXXXAXXXX NO
XXXXXXXXXX YES
XXXXXXXXXN NO
XXXXXXXXXX YES
XXXXXXXXXX YES
XXXUXUXXXX YES
UUUUUXUUUX YES
XXIUUUUXUX NO
UUUXUUUUXU YES
UUUXXXUXXZ NO
XUXUXXXUXX YES
XXXXXXXXXX YES
XUXXUXXXXU YES
XMXXXUUUXX NO
UXXXUXXUXU YES
MFRFOMFMRF YES
RRRRORRMFE NO
RORMOFOFRR YES
RFRRFMOMOM YES
OFMFMRFRFF YES
WMFOFMMOMF NO
FFOMFMFMRR YES
OMRFOFRRFY NO
ROFMRORMRR YES
FORFMORMRO YES
IIOLKEKLEO YES
OLKKKKEKLI YES
ENEKEVNSTT NO
EETVENELEO YES
ETVENENNEP NO
VTEVOVOVIV YES
KVKTKENEOL YES
KEKTNVEVTV YES
VOVOMOOLKE NO
OLONLOVOII YES
QZTNJWJWQR YES
SQTZNJWOJP NO
IVQAWTOTZT NO
MSJMGSGMOJ YES
NTSNQSQNJS NO
QWQWJTGSGM NO
OTQSQTAQSR YES
ZQZNTRZATG NO
OMSJGYGSWO NO
JSMOJSWSGM YES
QQQQQQQQQQ YES
QQQQQQQQQQ YES
QQQQIQQQQQ NO
QQQQQQQQQQ YES
QQQQQQQQQQ YES
QQQQQQQQQQ YES
QQQQQQQQQQ YES
QQQQQQQQQQ YES
QQQQQQPQQQ NO
QQQQQQQQQQ YES
KKKKBKBBKB YES
KBKKBBKBKC NO
BBBKBBBBKK YES
KBBBBKKBBB YES
BKBKBBKKKK YES
BBKBBBKNBB NO
KKKKBKBBKB YES
KBKBBKKKBJ NO
KBBKKKBBKK YES
BBKBKBBBKK YES
IQIQIIQINQ YES
IQITNQTTIQ YES
IINZINIQQI NO
QTIQTNNNIT YES
IQQTINTNQO NO
QNQITITTQI YES
QQQQQIIQNI YES
IQIIQQNTNT YES
ITNQQNIZII NO
IITIQIQITI YES
SPIPISAIRS YES
SRSSRRCEEQ NO
PRSSSSSAEE YES
EEREREPREA YES
REAHPERRPR YES
SSSSKSSPHE NO
REERPRSASA YES
RSAECRRSHX NO
IARARSSPPE NO
RSRREPEEEE YES
RVRXGTEGKA YES
PPVPKOVRXY NO
IWHWWWWVXO NO
AELAKRXKAT YES
ZPZLAAELEW NO
ZPSBVWVPVW NO
EAEAGKRWWR YES
GXKAKAKAAF NO
KRLRHXAEAE NO
LATEALALEA YES
CCCCCCCCCC YES
CCCCCCCCCO NO
CCCCCCCCCC YES
CCCCCCCCCC YES
CCCCCCCCCC YES
CCCCCCCCYC NO
CCCCCCCCCC YES
CCCCCCCCCY NO
CCCCCCCCCC YES
CCCCCCCCCC YES
CCCCCCCCRC YES
CRCCRCRCCC YES
ICCRRRCRCR NO
CRRRRRRCCR YES
RRRRRRRCRK NO
RRCCCCCCCR YES
RCRCCCRRRC YES
CRCCCRRRRC YES
RCCRQRCCRC NO
RRRCCRRRRC YES
NENVNNNNWN YES
VWENVNVENN YES
NNEEENEWEN YES
EVNEEVNVNV YES
EWVNNENEVV YES
NVVVVWVWVV YES
NEWWWNENNN YES
ENNNVEWEWX NO
VENWNEEWVW YES
VWVWNNVNWN YES
PQPHPHPIHO YES
GGHGHPPZHN YES
PPPPPZGPOQ YES
GNPPPPIPON YES
PPGPHNGPGD NO
GNONPOHHNH NO
GIPPZGGGPG YES
QNQGQHNHGH YES
GGGHHGHQPQ NO
QIQOQNPIHO YES
HSRJNNIASA YES
ENSNAJESEA YES
NNENIEWRNP NO
LRWNNINSNN YES
RJLRSHRSEJ YES
ENINEWININ NO
LLREJERSHH YES
HRJNWNRLRH YES
EWRLJZRJRS NO
WNISQJANNE YES
RRRRRRRRRR YES
RRRRRRRRRR YES
RRRRRRNRRR NO
RRRRRRRRRR YES
RRRRRRRRRB NO
RRRRRRRRRR YES
RRRRRRRRRR YES
RRRRRRRRRR YES
RTRRRRRRRR NO
RRRRRRRRRR YES
BBBBVBVBBB YES
VBBVVVBBVU NO
BBBBBBBVVB YES
BVVVBBBVVB YES
BVBVBVVVVV YES
BBVBVBVBVB YES
VVVVBBBVVV YES
BBVBBBBBBG NO
VBBVVBVVBB YES
VBBBVBBBVB YES
FFCFCFDTCC YES
TFFCFTFFFF YES
TFCCCMTFFC NO
CDCDFCFCFC YES
DFCFCFFCCE NO
FDCDTDCCFD YES
DCFTFTFCFC YES
DFTTFCCCFC YES
TFCCTFNCCC NO
FDCCDCDCCC YES
WSWUWUKUSW YES
IKIUIKBIBU NO
IKIKMSWKMS YES
SCUCSSUWKU YES
UMUMSWIWIM YES
MWBWBCBBSB YES
KMSWUWUSMW YES
WKBIWKWIBU YES
WIWBWSCSUM YES
KIWIMWKWWM YES
HBWWPPTKSX YES
FVFVLFXSEK NO
EKTSTKJKZT NO
ZTZEERSESE YES
SXLEZEPELC NO
WPDPTBWBHK NO
ZHKTPBWPXE YES
XELXSEYZYQ NO
YESTWPPSXL NO
SPTPTHZKZT YES
YYYYYYYYYY YES
YYYYYYYYYW NO
YYYYYYYYYY YES
YYYYYYYYYY YES
YYYYYYYYYY YES
YYYYYDYYYY NO
YYYYYYYYYY YES
YYYYYYYYYQ NO
YYYYYYYYYY YES
YYYYYYYYYY YES
GQGQQGQQQG YES
QQQQQGQGQQ YES
QGQQQFQQGQ NO
GQQQQQGQQQ YES
GGQGQGGGGX NO
GQQQQQQGGG YES
GQGQGQGGGQ YES
GQGQGGGQGQ YES
GQGGQQCQQQ NO
GGGQQGQQGQ YES
WDWYWJYJYJ YES
WDWDWJWDWB NO
WWDYJYWWYW YES
YWWDWWWYWD YES
WDWWDYJDJJ YES
WWDJJJHDWD NO
WYWYWWDWWW YES
WDWYJJJYWJ YES
YWWDWDDDWD YES
JDDWWWWJYY YES
ZKLOALZLAL YES
AWLWAAWKWM NO
WNWZWZLZWZ NO
LQWKAAAAWA YES
LZLAWLZQLZ YES
QLWZWZLLLQ YES
AKZAWKAKLA YES
ZLAALZAZLK YES
KLOKQLQUWL NO
KQLLZWKLWZ YES
FFJFDJFDSS YES
MARWAWSASA YES
NSKKKQPDFA YES
HMMGMGAWAC YES
FFFAMGASHG YES
GPAHSFFSJK NO
WARPGMSDFA YES
JNJDSFSAGS NO
KCASQSAPMP YES
MHMAMGMGAG YES
UUUUUUUUUU YES
UUUUUUUUUU YES
UUUUUUUUZU NO
UUUUUUUUUU YES
UUUUUUUUUD NO
UUUUUUUUUU YES
UUUUUUUUUU YES
UUUUUUUUUU YES
UUUUUUUEUU NO
UUUUUUUUUU YES
NVNVNNNVNN YES
NVVNVNNNVH NO
VNNNNVVVNV YES
VNVVNVNVVV YES
NVNNNNVVNN YES
NNNNNVNNNN YES
VNNNNNNNVV YES
NNVNNNVNNY NO
NVNVVVVVVN YES
NNNNVNVNNN YES
AJJPJRJRJP YES
RARPPPPPRP YES
PTPAPAAJJR NO
RAAPAJJJJJ YES
JAJJJJJPJR YES
AJAJAJAPPA YES
ARPRPRRPRR YES
JJAAPJRJJP YES
PJRPRJAJJJ YES
RPPJRJPAJJ YES
EUUUEUZEFF YES
ESJESKKKEH NO
JZJUUEOUUE NO
OSFJKJKZSZ YES
EEJSEEZEZO NO
FHUZSUJUEU NO
EZSFFSEFSK YES
EFSFEFFEJM NO
UEJKJSSSKS NO
OJSUZEZEEU YES
SRURUPJDJD YES
FHPQWJWZDB NO
XDPDPFEDWW NO
EFELQPHEWE YES
SASAPUSRUS YES
UPJPTUFUPA NO
ZWJWPASPHF YES
PQLPLHSHIS YES
LQPQLHSIZG NO
HFDIHLHIHS YES
QQQQQQQQQQ YES
QQQQQQQQQC NO
QQQQQQQQQQ YES
QQQQQQQQQQ YES
QQQQQQQQQQ YES
QQQQQBQQQQ NO
QQQQQQQQQQ YES
QQQQQQQQQF NO
QQQQQQQQQQ YES
QQQQQQQQQQ YES
TTZTZZZTZT YES
TZTTZZZTTZ YES
TZTTTZTTTI NO
ZZTTTTTTZT YES
ZZTTTZTZZC NO
ZTTTTTTTTT YES
ZTZTZTTTTT YES
TTTTTZTTZZ YES
TTTZTTZTTP NO
ZZTZZTZTZT YES
AAHAAHLALA YES
LALLAHHVHX NO
HAVAHALVHL YES
HALAHALLAL YES
VALALALVAL YES
HAAAHAAAYL NO
AALAALAALV YES
AHALALALAW NO
HVHALVAVLV YES
HHHHHALAAL YES
UQJMJQQHHU YES
UHJHIUIZQQ YES
MIQMMJFJHM NO
IQUQQZUMQJ YES
UMJMQMJQJL NO
MQJUJHIQHM YES
QIUIQIUMIQ YES
ZMJMMQQQQZ YES
ZJZJHQHJQT NO
HHMUQMQMQZ YES
FWILILHIHH YES
XUCWCNCLCP NO
ZLBHVCDLWA NO
WCWLCDLDLV YES
HUZUHVZWVX NO
SAWILHLIHM NO
HCMCJMCIWI YES
WHZVLDLNLZ YES
CHMXMVMJKM YES
ULCLZCUVZL YES
IIIIIIIIII YES
IIIIIIIIII YES
IIVIIIIIII NO
IIIIIIIIII YES
IIIIIIIIIH NO
IIIIIIIIII YES
IIIIIIIIII YES
IIIIIIIIII YES
IMIIIIIIII NO
IIIIIIIIII YES
CCCCCCCTCC YES
CCCCCCCCCS NO
TTTTTCCTCC YES
TCCCCCTCCC YES
CCCCCCCCCC YES
CCTTTTTTCW NO
CCCTCCCTCC YES
CCCCCCCCCO NO
CCCCCCCCCC YES
CCCCCTTTTC YES
OFFFFFFFFA YES
OMOAAAAAOM YES
OMOOOAFLMF NO
OMFMFFFFFF YES
AOMFAFFFAO YES
OOOFFFFAOM YES
FAOOAOOMMO YES
FFFFFFFFFA YES
FOFFFMMOAU NO
AFAFFAAAFM YES
XEBECEAFAE YES
AAFECFAEXT NO
XAXAACFFCX NO
AFCFCEACAF YES
EGBACAEFXA YES
EBEAAXKAXA NO
CEXFAECACA YES
EFWAFBABFS NO
EEEEWEXXAC NO
EXAFAXAAAA YES
TKOUOTBLHM YES
LHMJTHTTKU NO
GTVHLBTKOG NO
GCKTZVZTVH YES
ZGCKTGTZVA NO
KTMJTWTGZL NO
BLMVHVJMJM YES
VWKOKTWTUL NO
GTKLGATATT NO
TGTZVMHLVH YES
SSSSSSSSSS YES
SSSSSSSSSZ NO
SSSSSSSSSS YES
SSSSSSSSSS YES
SSSSSSSSSS YES
SSSSWSSSSS NO
SSSSSSSSSS YES
SSSSSSSSSO NO
SSSSSSSSSS YES
SSSSSSSSSS YES
HUUHUUUHUH YES
UHUUUHUUUU YES
UUHXUHUUHU NO
UUHUHUHUUU YES
UUUHUHUHUO NO
UHHUUUUHUU YES
UHUUHUUHUH YES
UUUHHUUUHU YES
UUUUHZHHUH NO
UUUUUHUHUU YES
YYVYVTEEEE YES
YYVYEETTTH NO
EEETYTEVYV YES
TTTETTTVYT YES
VTYYVYEYEV YES
VELTTTTVYV NO
EVEYEYYYTY YES
EVEVEVTTVI NO
YEVYTEVTEV YES
VTTYEEEVEE YES
VQVVVQVVQV YES
IQZCVVQVQC YES
IVIIJIIIII NO
QIQCWBQWQB YES
IIIIICVCIM NO
ZICECIQCZI NO
QVQVCVCIQC YES
IIVIIICQCZ YES
IQCCILCVCI NO
IIIIIICQIC YES
DHZBDHVJBU YES
YAYHJAJBJG NO
VYJHZHZBUH NO
UBJBOTMDBD YES
BIBMOBONRI YES
VBVDGDHDVY NO
BDMIYIRNGR YES
GDGNGRYRIB YES
HVDBHRHYIZ NO
TMTOTUBMBT YES
